This file contains any messages produced by compilers while
running configure, to aid debugging if configure makes a mistake.

It was created by xyzpocketsphinx configure 5prealpha, which was
generated by GNU Autoconf 2.69.  Invocation command line was

  $ ./configure 

## --------- ##
## Platform. ##
## --------- ##

hostname = articulate-xyz
uname -m = x86_64
uname -r = 5.11.0-40-generic
uname -s = Linux
uname -v = #44~20.04.2-Ubuntu SMP Tue Oct 26 18:07:44 UTC 2021

/usr/bin/uname -p = x86_64
/bin/uname -X     = unknown

/bin/arch              = x86_64
/usr/bin/arch -k       = unknown
/usr/convex/getsysinfo = unknown
/usr/bin/hostinfo      = unknown
/bin/machine           = unknown
/usr/bin/oslevel       = unknown
/bin/universe          = unknown

PATH: /home/dbarbera/miniconda3/bin
PATH: /home/dbarbera/miniconda3/condabin
PATH: /usr/local/go/bin
PATH: /home/dbarbera/go/bin
PATH: /usr/local/sbin
PATH: /usr/local/bin
PATH: /usr/sbin
PATH: /usr/bin
PATH: /sbin
PATH: /bin
PATH: /usr/games
PATH: /usr/local/games
PATH: /snap/bin
PATH: /usr/local/go/bin


## ----------- ##
## Core tests. ##
## ----------- ##

configure:2560: checking for a BSD-compatible install
configure:2628: result: /usr/bin/install -c
configure:2639: checking whether build environment is sane
configure:2694: result: yes
configure:2843: checking for a thread-safe mkdir -p
configure:2882: result: /usr/bin/mkdir -p
configure:2889: checking for gawk
configure:2905: found /usr/bin/gawk
configure:2916: result: gawk
configure:2927: checking whether make sets $(MAKE)
configure:2949: result: yes
configure:2978: checking whether make supports nested variables
configure:2995: result: yes
configure:3120: checking build system type
configure:3134: result: x86_64-pc-linux-gnu
configure:3154: checking host system type
configure:3167: result: x86_64-pc-linux-gnu
configure:3235: checking for gcc
configure:3251: found /usr/bin/gcc
configure:3262: result: gcc
configure:3491: checking for C compiler version
configure:3500: gcc --version >&5
gcc (Ubuntu 9.3.0-17ubuntu1~20.04) 9.3.0
Copyright (C) 2019 Free Software Foundation, Inc.
This is free software; see the source for copying conditions.  There is NO
warranty; not even for MERCHANTABILITY or FITNESS FOR A PARTICULAR PURPOSE.

configure:3511: $? = 0
configure:3500: gcc -v >&5
Using built-in specs.
COLLECT_GCC=gcc
COLLECT_LTO_WRAPPER=/usr/lib/gcc/x86_64-linux-gnu/9/lto-wrapper
OFFLOAD_TARGET_NAMES=nvptx-none:hsa
OFFLOAD_TARGET_DEFAULT=1
Target: x86_64-linux-gnu
Configured with: ../src/configure -v --with-pkgversion='Ubuntu 9.3.0-17ubuntu1~20.04' --with-bugurl=file:///usr/share/doc/gcc-9/README.Bugs --enable-languages=c,ada,c++,go,brig,d,fortran,objc,obj-c++,gm2 --prefix=/usr --with-gcc-major-version-only --program-suffix=-9 --program-prefix=x86_64-linux-gnu- --enable-shared --enable-linker-build-id --libexecdir=/usr/lib --without-included-gettext --enable-threads=posix --libdir=/usr/lib --enable-nls --enable-clocale=gnu --enable-libstdcxx-debug --enable-libstdcxx-time=yes --with-default-libstdcxx-abi=new --enable-gnu-unique-object --disable-vtable-verify --enable-plugin --enable-default-pie --with-system-zlib --with-target-system-zlib=auto --enable-objc-gc=auto --enable-multiarch --disable-werror --with-arch-32=i686 --with-abi=m64 --with-multilib-list=m32,m64,mx32 --enable-multilib --with-tune=generic --enable-offload-targets=nvptx-none=/build/gcc-9-HskZEa/gcc-9-9.3.0/debian/tmp-nvptx/usr,hsa --without-cuda-driver --enable-checking=release --build=x86_64-linux-gnu --host=x86_64-linux-gnu --target=x86_64-linux-gnu
Thread model: posix
gcc version 9.3.0 (Ubuntu 9.3.0-17ubuntu1~20.04) 
configure:3511: $? = 0
configure:3500: gcc -V >&5
gcc: error: unrecognized command line option '-V'
gcc: fatal error: no input files
compilation terminated.
configure:3511: $? = 1
configure:3500: gcc -qversion >&5
gcc: error: unrecognized command line option '-qversion'; did you mean '--version'?
gcc: fatal error: no input files
compilation terminated.
configure:3511: $? = 1
configure:3531: checking whether the C compiler works
configure:3553: gcc -g -O2 -Wall   conftest.c  >&5
configure:3557: $? = 0
configure:3605: result: yes
configure:3608: checking for C compiler default output file name
configure:3610: result: a.out
configure:3616: checking for suffix of executables
configure:3623: gcc -o conftest -g -O2 -Wall   conftest.c  >&5
configure:3627: $? = 0
configure:3649: result: 
configure:3671: checking whether we are cross compiling
configure:3679: gcc -o conftest -g -O2 -Wall   conftest.c  >&5
configure:3683: $? = 0
configure:3690: ./conftest
configure:3694: $? = 0
configure:3682: result: no
configure:3687: checking for suffix of object files
configure:3709: gcc -c -g -O2 -Wall  conftest.c >&5
configure:3713: $? = 0
configure:3734: result: o
configure:3738: checking whether we are using the GNU C compiler
configure:3757: gcc -c -g -O2 -Wall  conftest.c >&5
configure:3757: $? = 0
configure:3766: result: yes
configure:3775: checking whether gcc accepts -g
configure:3795: gcc -c -g  conftest.c >&5
configure:3795: $? = 0
configure:3836: result: yes
configure:3853: checking for gcc option to accept ISO C89
configure:3916: gcc  -c -g -O2 -Wall  conftest.c >&5
configure:3916: $? = 0
configure:3929: result: none needed
configure:3954: checking whether gcc understands -c and -o together
configure:3976: gcc -c conftest.c -o conftest2.o
configure:3979: $? = 0
configure:3976: gcc -c conftest.c -o conftest2.o
configure:3979: $? = 0
configure:3991: result: yes
configure:4011: checking whether make supports the include directive
configure:4026: make -f confmf.GNU && cat confinc.out
this is the am__doit target
configure:4029: $? = 0
configure:4048: result: yes (GNU style)
configure:4073: checking dependency style of gcc
configure:4184: result: gcc3
configure:4205: checking how to run the C preprocessor
configure:4236: gcc -E  conftest.c
configure:4236: $? = 0
configure:4250: gcc -E  conftest.c
conftest.c:9:10: fatal error: ac_nonexistent.h: No such file or directory
    9 | #include <ac_nonexistent.h>
      |          ^~~~~~~~~~~~~~~~~~
compilation terminated.
configure:4250: $? = 1
configure: failed program was:
| /* confdefs.h */
| #define PACKAGE_NAME "xyzpocketsphinx"
| #define PACKAGE_TARNAME "xyzpocketsphinx"
| #define PACKAGE_VERSION "5prealpha"
| #define PACKAGE_STRING "xyzpocketsphinx 5prealpha"
| #define PACKAGE_BUGREPORT ""
| #define PACKAGE_URL ""
| /* end confdefs.h.  */
| #include <ac_nonexistent.h>
configure:4275: result: gcc -E
configure:4295: gcc -E  conftest.c
configure:4295: $? = 0
configure:4309: gcc -E  conftest.c
conftest.c:9:10: fatal error: ac_nonexistent.h: No such file or directory
    9 | #include <ac_nonexistent.h>
      |          ^~~~~~~~~~~~~~~~~~
compilation terminated.
configure:4309: $? = 1
configure: failed program was:
| /* confdefs.h */
| #define PACKAGE_NAME "xyzpocketsphinx"
| #define PACKAGE_TARNAME "xyzpocketsphinx"
| #define PACKAGE_VERSION "5prealpha"
| #define PACKAGE_STRING "xyzpocketsphinx 5prealpha"
| #define PACKAGE_BUGREPORT ""
| #define PACKAGE_URL ""
| /* end confdefs.h.  */
| #include <ac_nonexistent.h>
configure:4338: checking for grep that handles long lines and -e
configure:4396: result: /usr/bin/grep
configure:4401: checking for egrep
configure:4463: result: /usr/bin/grep -E
configure:4468: checking for ANSI C header files
configure:4488: gcc -c -g -O2 -Wall  conftest.c >&5
configure:4488: $? = 0
configure:4561: gcc -o conftest -g -O2 -Wall   conftest.c  >&5
configure:4561: $? = 0
configure:4561: ./conftest
configure:4561: $? = 0
configure:4572: result: yes
configure:4585: checking for sys/types.h
configure:4585: gcc -c -g -O2 -Wall  conftest.c >&5
configure:4585: $? = 0
configure:4585: result: yes
configure:4585: checking for sys/stat.h
configure:4585: gcc -c -g -O2 -Wall  conftest.c >&5
configure:4585: $? = 0
configure:4585: result: yes
configure:4585: checking for stdlib.h
configure:4585: gcc -c -g -O2 -Wall  conftest.c >&5
configure:4585: $? = 0
configure:4585: result: yes
configure:4585: checking for string.h
configure:4585: gcc -c -g -O2 -Wall  conftest.c >&5
configure:4585: $? = 0
configure:4585: result: yes
configure:4585: checking for memory.h
configure:4585: gcc -c -g -O2 -Wall  conftest.c >&5
configure:4585: $? = 0
configure:4585: result: yes
configure:4585: checking for strings.h
configure:4585: gcc -c -g -O2 -Wall  conftest.c >&5
configure:4585: $? = 0
configure:4585: result: yes
configure:4585: checking for inttypes.h
configure:4585: gcc -c -g -O2 -Wall  conftest.c >&5
configure:4585: $? = 0
configure:4585: result: yes
configure:4585: checking for stdint.h
configure:4585: gcc -c -g -O2 -Wall  conftest.c >&5
configure:4585: $? = 0
configure:4585: result: yes
configure:4585: checking for unistd.h
configure:4585: gcc -c -g -O2 -Wall  conftest.c >&5
configure:4585: $? = 0
configure:4585: result: yes
configure:4597: checking for long long
configure:4597: gcc -c -g -O2 -Wall  conftest.c >&5
configure:4597: $? = 0
configure:4597: gcc -c -g -O2 -Wall  conftest.c >&5
conftest.c: In function 'main':
conftest.c:55:24: error: expected expression before ')' token
   55 | if (sizeof ((long long)))
      |                        ^
configure:4597: $? = 1
configure: failed program was:
| /* confdefs.h */
| #define PACKAGE_NAME "xyzpocketsphinx"
| #define PACKAGE_TARNAME "xyzpocketsphinx"
| #define PACKAGE_VERSION "5prealpha"
| #define PACKAGE_STRING "xyzpocketsphinx 5prealpha"
| #define PACKAGE_BUGREPORT ""
| #define PACKAGE_URL ""
| #define STDC_HEADERS 1
| #define HAVE_SYS_TYPES_H 1
| #define HAVE_SYS_STAT_H 1
| #define HAVE_STDLIB_H 1
| #define HAVE_STRING_H 1
| #define HAVE_MEMORY_H 1
| #define HAVE_STRINGS_H 1
| #define HAVE_INTTYPES_H 1
| #define HAVE_STDINT_H 1
| #define HAVE_UNISTD_H 1
| /* end confdefs.h.  */
| #include <stdio.h>
| #ifdef HAVE_SYS_TYPES_H
| # include <sys/types.h>
| #endif
| #ifdef HAVE_SYS_STAT_H
| # include <sys/stat.h>
| #endif
| #ifdef STDC_HEADERS
| # include <stdlib.h>
| # include <stddef.h>
| #else
| # ifdef HAVE_STDLIB_H
| #  include <stdlib.h>
| # endif
| #endif
| #ifdef HAVE_STRING_H
| # if !defined STDC_HEADERS && defined HAVE_MEMORY_H
| #  include <memory.h>
| # endif
| # include <string.h>
| #endif
| #ifdef HAVE_STRINGS_H
| # include <strings.h>
| #endif
| #ifdef HAVE_INTTYPES_H
| # include <inttypes.h>
| #endif
| #ifdef HAVE_STDINT_H
| # include <stdint.h>
| #endif
| #ifdef HAVE_UNISTD_H
| # include <unistd.h>
| #endif
| int
| main ()
| {
| if (sizeof ((long long)))
| 	    return 0;
|   ;
|   return 0;
| }
configure:4597: result: yes
configure:4611: checking size of long long
configure:4616: gcc -o conftest -g -O2 -Wall   conftest.c  >&5
configure:4616: $? = 0
configure:4616: ./conftest
configure:4616: $? = 0
configure:4630: result: 8
configure:4687: checking how to print strings
configure:4714: result: printf
configure:4735: checking for a sed that does not truncate output
configure:4799: result: /usr/bin/sed
configure:4817: checking for fgrep
configure:4879: result: /usr/bin/grep -F
configure:4914: checking for ld used by gcc
configure:4981: result: /usr/bin/ld
configure:4988: checking if the linker (/usr/bin/ld) is GNU ld
configure:5003: result: yes
configure:5015: checking for BSD- or MS-compatible name lister (nm)
configure:5069: result: /usr/bin/nm -B
configure:5199: checking the name lister (/usr/bin/nm -B) interface
configure:5206: gcc -c -g -O2 -Wall  conftest.c >&5
configure:5209: /usr/bin/nm -B "conftest.o"
configure:5212: output
0000000000000000 B some_variable
configure:5213: result: BSD nm
configure:5216: checking whether ln -s works
configure:5220: result: yes
configure:5228: checking the maximum length of command line arguments
configure:5359: result: 1572864
configure:5407: checking how to convert x86_64-pc-linux-gnu file names to x86_64-pc-linux-gnu format
configure:5447: result: func_convert_file_noop
configure:5454: checking how to convert x86_64-pc-linux-gnu file names to toolchain format
configure:5474: result: func_convert_file_noop
configure:5481: checking for /usr/bin/ld option to reload object files
configure:5488: result: -r
configure:5562: checking for objdump
configure:5578: found /usr/bin/objdump
configure:5589: result: objdump
configure:5621: checking how to recognize dependent libraries
configure:5821: result: pass_all
configure:5906: checking for dlltool
configure:5936: result: no
configure:5966: checking how to associate runtime and link libraries
configure:5993: result: printf %s\n
configure:6053: checking for ar
configure:6069: found /usr/bin/ar
configure:6080: result: ar
configure:6117: checking for archiver @FILE support
configure:6134: gcc -c -g -O2 -Wall  conftest.c >&5
configure:6134: $? = 0
configure:6137: ar cr libconftest.a @conftest.lst >&5
configure:6140: $? = 0
configure:6145: ar cr libconftest.a @conftest.lst >&5
ar: conftest.o: No such file or directory
configure:6148: $? = 1
configure:6147: result: @
configure:6205: checking for strip
configure:6221: found /usr/bin/strip
configure:6232: result: strip
configure:6304: checking for ranlib
configure:6320: found /usr/bin/ranlib
configure:6331: result: ranlib
configure:6433: checking command to parse /usr/bin/nm -B output from gcc object
configure:6586: gcc -c -g -O2 -Wall  conftest.c >&5
configure:6589: $? = 0
configure:6593: /usr/bin/nm -B conftest.o | sed -n -e 's/^.*[	 ]\([ABCDGIRSTW][ABCDGIRSTW]*\)[	 ][	 ]*\([_A-Za-z][_A-Za-z0-9]*\)$/\1 \2 \2/p' | sed '/ __gnu_lto/d' > conftest.nm
configure:6659: gcc -o conftest -g -O2 -Wall   conftest.c conftstm.o >&5
configure:6662: $? = 0
configure:6700: result: ok
configure:6747: checking for sysroot
configure:6777: result: no
configure:6784: checking for a working dd
configure:6822: result: /usr/bin/dd
configure:6826: checking how to truncate binary pipes
configure:6841: result: /usr/bin/dd bs=4096 count=1
configure:6977: gcc -c -g -O2 -Wall  conftest.c >&5
configure:6980: $? = 0
configure:7170: checking for mt
configure:7186: found /usr/bin/mt
configure:7197: result: mt
configure:7220: checking if mt is a manifest tool
configure:7226: mt '-?'
configure:7234: result: no
configure:7908: checking for dlfcn.h
configure:7908: gcc -c -g -O2 -Wall  conftest.c >&5
configure:7908: $? = 0
configure:7908: result: yes
configure:8164: checking for objdir
configure:8179: result: .libs
configure:8443: checking if gcc supports -fno-rtti -fno-exceptions
configure:8461: gcc -c -g -O2 -Wall  -fno-rtti -fno-exceptions conftest.c >&5
cc1: warning: command line option '-fno-rtti' is valid for C++/D/ObjC++ but not for C
configure:8465: $? = 0
configure:8478: result: no
configure:8842: checking for gcc option to produce PIC
configure:8849: result: -fPIC -DPIC
configure:8857: checking if gcc PIC flag -fPIC -DPIC works
configure:8875: gcc -c -g -O2 -Wall  -fPIC -DPIC -DPIC conftest.c >&5
configure:8879: $? = 0
configure:8892: result: yes
configure:8921: checking if gcc static flag -static works
configure:8949: result: yes
configure:8964: checking if gcc supports -c -o file.o
configure:8985: gcc -c -g -O2 -Wall  -o out/conftest2.o conftest.c >&5
configure:8989: $? = 0
configure:9011: result: yes
configure:9019: checking if gcc supports -c -o file.o
configure:9066: result: yes
configure:9099: checking whether the gcc linker (/usr/bin/ld -m elf_x86_64) supports shared libraries
configure:10362: result: yes
configure:10399: checking whether -lc should be explicitly linked in
configure:10407: gcc -c -g -O2 -Wall  conftest.c >&5
configure:10410: $? = 0
configure:10425: gcc -shared  -fPIC -DPIC conftest.o  -v -Wl,-soname -Wl,conftest -o conftest 2\>\&1 \| /usr/bin/grep  -lc  \>/dev/null 2\>\&1
configure:10428: $? = 0
configure:10442: result: no
configure:10602: checking dynamic linker characteristics
configure:11183: gcc -o conftest -g -O2 -Wall   -Wl,-rpath -Wl,/foo conftest.c  >&5
configure:11183: $? = 0
configure:11432: result: GNU/Linux ld.so
configure:11554: checking how to hardcode library paths into programs
configure:11579: result: immediate
configure:12127: checking whether stripping libraries is possible
configure:12132: result: yes
configure:12167: checking if libtool supports shared libraries
configure:12169: result: yes
configure:12172: checking whether to build shared libraries
configure:12197: result: yes
configure:12200: checking whether to build static libraries
configure:12204: result: yes
configure:9067: checking for pkg-config
configure:9085: found /usr/bin/pkg-config
configure:9097: result: /usr/bin/pkg-config
configure:9122: checking pkg-config is at least version 0.9.0
configure:9125: result: yes
configure:9137: checking for doxygen
configure:9165: result: no
configure:9225: checking for a Python interpreter with version >= 2.6
configure:9242: python -c import sys # split strings by '.' and convert to numeric. Append some zeros # because we need at least 4 digits for the hex conversion. # map returns an iterator in Python 3.0 and a list in 2.x minver = list(map(int, '2.6'.split('.'))) + [0, 0, 0] minverhex = 0 # xrange is not present in Python 3.0 and range returns an iterator for i in list(range(0, 4)): minverhex = (minverhex << 8) + minver[i] sys.exit(sys.hexversion < minverhex)
configure:9245: $? = 0
configure:9251: result: python
configure:9259: checking for python
configure:9277: found /home/dbarbera/miniconda3/bin/python
configure:9289: result: /home/dbarbera/miniconda3/bin/python
configure:9307: checking for python version
configure:9314: result: 3.9
configure:9326: checking for python platform
configure:9333: result: linux
configure:9359: checking for python script directory
configure:9394: result: ${prefix}/lib/python3.9/site-packages
configure:9403: checking for python extension module directory
configure:9438: result: ${exec_prefix}/lib/python3.9/site-packages
configure:9459: checking for python3.9
configure:9489: result: /home/dbarbera/miniconda3/bin/python
configure:9505: checking for a version of Python >= '2.1.0'
configure:9531: result: yes
configure:9562: checking for the distutils Python package
configure:9566: result: yes
configure:9580: checking for Python include path
configure:9596: result: -I/home/dbarbera/miniconda3/include/python3.9
configure:9603: checking for Python library path
configure:9680: result: -L/home/dbarbera/miniconda3/lib -lpython3.9
configure:9687: checking for Python site-packages path
configure:9693: result: /home/dbarbera/miniconda3/lib/python3.9/site-packages
configure:9700: checking python extra libraries
configure:9707: result: -lcrypt -lpthread -ldl  -lutil -lm -lm
configure:9714: checking python extra linking flags
configure:9721: result: -Xlinker -export-dynamic
configure:9728: checking consistency of all components of python development environment
configure:9754: gcc -o conftest -g -O2 -Wall  -I/home/dbarbera/miniconda3/include/python3.9  conftest.c  -L/home/dbarbera/miniconda3/lib -lpython3.9 -Xlinker -export-dynamic -lcrypt -lpthread -ldl  -lutil -lm -lm >&5
configure:9754: $? = 0
configure:9771: result: yes
configure:9802: checking for swig
configure:9820: found /usr/bin/swig
configure:9832: result: /usr/bin/swig
configure:9846: checking SWIG version
configure:9849: result: 4.0.1
configure:9898: checking for SWIG library
configure:9901: result: /usr/share/swig4.0
configure:9930: checking for GStreamer
configure:9940: $PKG_CONFIG --exists --print-errors "gstreamer-$GST_MAJORMINOR >= 1.0
		       gstreamer-base-$GST_MAJORMINOR >= 1.0
		       gstreamer-plugins-base-$GST_MAJORMINOR >= 1.0"
Package gstreamer-1.0 was not found in the pkg-config search path.
Perhaps you should add the directory containing `gstreamer-1.0.pc'
to the PKG_CONFIG_PATH environment variable
No package 'gstreamer-1.0' found
Package gstreamer-base-1.0 was not found in the pkg-config search path.
Perhaps you should add the directory containing `gstreamer-base-1.0.pc'
to the PKG_CONFIG_PATH environment variable
No package 'gstreamer-base-1.0' found
Package gstreamer-plugins-base-1.0 was not found in the pkg-config search path.
Perhaps you should add the directory containing `gstreamer-plugins-base-1.0.pc'
to the PKG_CONFIG_PATH environment variable
No package 'gstreamer-plugins-base-1.0' found
configure:9945: $? = 1
configure:9964: $PKG_CONFIG --exists --print-errors "gstreamer-$GST_MAJORMINOR >= 1.0
		       gstreamer-base-$GST_MAJORMINOR >= 1.0
		       gstreamer-plugins-base-$GST_MAJORMINOR >= 1.0"
Package gstreamer-1.0 was not found in the pkg-config search path.
Perhaps you should add the directory containing `gstreamer-1.0.pc'
to the PKG_CONFIG_PATH environment variable
No package 'gstreamer-1.0' found
Package gstreamer-base-1.0 was not found in the pkg-config search path.
Perhaps you should add the directory containing `gstreamer-base-1.0.pc'
to the PKG_CONFIG_PATH environment variable
No package 'gstreamer-base-1.0' found
Package gstreamer-plugins-base-1.0 was not found in the pkg-config search path.
Perhaps you should add the directory containing `gstreamer-plugins-base-1.0.pc'
to the PKG_CONFIG_PATH environment variable
No package 'gstreamer-plugins-base-1.0' found
configure:9969: $? = 1
No package 'gstreamer-1.0' found
No package 'gstreamer-base-1.0' found
No package 'gstreamer-plugins-base-1.0' found
configure:10003: result: no
configure:10063: checking for xyzsphinxbase in /home/dbarbera/Installation_Tests/articulate-pocketsphinx/xyzpocketsphinx/../xyzsphinxbase
configure:10067: result: yes
configure:10299: checking that generated files are newer than configure
configure:10305: result: done
configure:10340: creating ./config.status

## ---------------------- ##
## Running config.status. ##
## ---------------------- ##

This file was extended by xyzpocketsphinx config.status 5prealpha, which was
generated by GNU Autoconf 2.69.  Invocation command line was

  CONFIG_FILES    = 
  CONFIG_HEADERS  = 
  CONFIG_LINKS    = 
  CONFIG_COMMANDS = 
  $ ./config.status 

on articulate-xyz

config.status:1134: creating xyzpocketsphinx.pc
config.status:1134: creating Makefile
config.status:1134: creating include/Makefile
config.status:1134: creating src/Makefile
config.status:1134: creating swig/Makefile
config.status:1134: creating swig/python/Makefile
config.status:1134: creating swig/python/test/Makefile
config.status:1134: creating src/libpocketsphinx/Makefile
config.status:1134: creating src/programs/Makefile
config.status:1134: creating src/gst-plugin/Makefile
config.status:1134: creating doc/Makefile
config.status:1134: creating doc/doxyfile
config.status:1134: creating model/Makefile
config.status:1134: creating test/Makefile
config.status:1134: creating test/testfuncs.sh
config.status:1134: creating test/unit/Makefile
config.status:1134: creating test/regression/Makefile
config.status:1134: creating include/config.h
config.status:1363: executing depfiles commands
config.status:1440: cd swig/python       && sed -e '/# am--include-marker/d' Makefile         | make -f - am--depfiles
config.status:1445: $? = 0
config.status:1440: cd src/libpocketsphinx       && sed -e '/# am--include-marker/d' Makefile         | make -f - am--depfiles
config.status:1445: $? = 0
config.status:1440: cd src/programs       && sed -e '/# am--include-marker/d' Makefile         | make -f - am--depfiles
config.status:1445: $? = 0
config.status:1440: cd src/gst-plugin       && sed -e '/# am--include-marker/d' Makefile         | make -f - am--depfiles
config.status:1445: $? = 0
config.status:1440: cd test/unit       && sed -e '/# am--include-marker/d' Makefile         | make -f - am--depfiles
config.status:1445: $? = 0
config.status:1363: executing libtool commands

## ---------------- ##
## Cache variables. ##
## ---------------- ##

ac_cv_build=x86_64-pc-linux-gnu
ac_cv_c_compiler_gnu=yes
ac_cv_env_CC_set=
ac_cv_env_CC_value=
ac_cv_env_CFLAGS_set=
ac_cv_env_CFLAGS_value=
ac_cv_env_CPPFLAGS_set=
ac_cv_env_CPPFLAGS_value=
ac_cv_env_CPP_set=
ac_cv_env_CPP_value=
ac_cv_env_GStreamer_CFLAGS_set=
ac_cv_env_GStreamer_CFLAGS_value=
ac_cv_env_GStreamer_LIBS_set=
ac_cv_env_GStreamer_LIBS_value=
ac_cv_env_LDFLAGS_set=
ac_cv_env_LDFLAGS_value=
ac_cv_env_LIBS_set=
ac_cv_env_LIBS_value=
ac_cv_env_LT_SYS_LIBRARY_PATH_set=
ac_cv_env_LT_SYS_LIBRARY_PATH_value=
ac_cv_env_PKG_CONFIG_set=
ac_cv_env_PKG_CONFIG_value=
ac_cv_env_PYTHON_VERSION_set=
ac_cv_env_PYTHON_VERSION_value=
ac_cv_env_PYTHON_set=
ac_cv_env_PYTHON_value=
ac_cv_env_XYZSPHINXBASE_CFLAGS_set=
ac_cv_env_XYZSPHINXBASE_CFLAGS_value=
ac_cv_env_XYZSPHINXBASE_LIBS_set=
ac_cv_env_XYZSPHINXBASE_LIBS_value=
ac_cv_env_build_alias_set=
ac_cv_env_build_alias_value=
ac_cv_env_host_alias_set=
ac_cv_env_host_alias_value=
ac_cv_env_target_alias_set=
ac_cv_env_target_alias_value=
ac_cv_header_dlfcn_h=yes
ac_cv_header_inttypes_h=yes
ac_cv_header_memory_h=yes
ac_cv_header_stdc=yes
ac_cv_header_stdint_h=yes
ac_cv_header_stdlib_h=yes
ac_cv_header_string_h=yes
ac_cv_header_strings_h=yes
ac_cv_header_sys_stat_h=yes
ac_cv_header_sys_types_h=yes
ac_cv_header_unistd_h=yes
ac_cv_host=x86_64-pc-linux-gnu
ac_cv_objext=o
ac_cv_path_EGREP='/usr/bin/grep -E'
ac_cv_path_FGREP='/usr/bin/grep -F'
ac_cv_path_GREP=/usr/bin/grep
ac_cv_path_PYTHON=/home/dbarbera/miniconda3/bin/python
ac_cv_path_SED=/usr/bin/sed
ac_cv_path_SWIG=/usr/bin/swig
ac_cv_path_ac_pt_PKG_CONFIG=/usr/bin/pkg-config
ac_cv_path_install='/usr/bin/install -c'
ac_cv_path_lt_DD=/usr/bin/dd
ac_cv_path_mkdir=/usr/bin/mkdir
ac_cv_prog_AWK=gawk
ac_cv_prog_CPP='gcc -E'
ac_cv_prog_HAVE_DOXYGEN=no
ac_cv_prog_ac_ct_AR=ar
ac_cv_prog_ac_ct_CC=gcc
ac_cv_prog_ac_ct_MANIFEST_TOOL=mt
ac_cv_prog_ac_ct_OBJDUMP=objdump
ac_cv_prog_ac_ct_RANLIB=ranlib
ac_cv_prog_ac_ct_STRIP=strip
ac_cv_prog_cc_c89=
ac_cv_prog_cc_g=yes
ac_cv_prog_make_make_set=yes
ac_cv_sizeof_long_long=8
ac_cv_type_long_long=yes
am_cv_CC_dependencies_compiler_type=gcc3
am_cv_make_support_nested_variables=yes
am_cv_pathless_PYTHON=python
am_cv_prog_cc_c_o=yes
am_cv_python_platform=linux
am_cv_python_pyexecdir='${exec_prefix}/lib/python3.9/site-packages'
am_cv_python_pythondir='${prefix}/lib/python3.9/site-packages'
am_cv_python_version=3.9
lt_cv_ar_at_file=@
lt_cv_archive_cmds_need_lc=no
lt_cv_deplibs_check_method=pass_all
lt_cv_file_magic_cmd='$MAGIC_CMD'
lt_cv_file_magic_test_file=
lt_cv_ld_reload_flag=-r
lt_cv_nm_interface='BSD nm'
lt_cv_objdir=.libs
lt_cv_path_LD=/usr/bin/ld
lt_cv_path_NM='/usr/bin/nm -B'
lt_cv_path_mainfest_tool=no
lt_cv_prog_compiler_c_o=yes
lt_cv_prog_compiler_pic='-fPIC -DPIC'
lt_cv_prog_compiler_pic_works=yes
lt_cv_prog_compiler_rtti_exceptions=no
lt_cv_prog_compiler_static_works=yes
lt_cv_prog_gnu_ld=yes
lt_cv_sharedlib_from_linklib_cmd='printf %s\n'
lt_cv_shlibpath_overrides_runpath=yes
lt_cv_sys_global_symbol_pipe='sed -n -e '\''s/^.*[	 ]\([ABCDGIRSTW][ABCDGIRSTW]*\)[	 ][	 ]*\([_A-Za-z][_A-Za-z0-9]*\)$/\1 \2 \2/p'\'' | sed '\''/ __gnu_lto/d'\'''
lt_cv_sys_global_symbol_to_c_name_address='sed -n -e '\''s/^: \(.*\) .*$/  {"\1", (void *) 0},/p'\'' -e '\''s/^[ABCDGIRSTW][ABCDGIRSTW]* .* \(.*\)$/  {"\1", (void *) \&\1},/p'\'''
lt_cv_sys_global_symbol_to_c_name_address_lib_prefix='sed -n -e '\''s/^: \(.*\) .*$/  {"\1", (void *) 0},/p'\'' -e '\''s/^[ABCDGIRSTW][ABCDGIRSTW]* .* \(lib.*\)$/  {"\1", (void *) \&\1},/p'\'' -e '\''s/^[ABCDGIRSTW][ABCDGIRSTW]* .* \(.*\)$/  {"lib\1", (void *) \&\1},/p'\'''
lt_cv_sys_global_symbol_to_cdecl='sed -n -e '\''s/^T .* \(.*\)$/extern int \1();/p'\'' -e '\''s/^[ABCDGIRSTW][ABCDGIRSTW]* .* \(.*\)$/extern char \1;/p'\'''
lt_cv_sys_global_symbol_to_import=
lt_cv_sys_max_cmd_len=1572864
lt_cv_to_host_file_cmd=func_convert_file_noop
lt_cv_to_tool_file_cmd=func_convert_file_noop
lt_cv_truncate_bin='/usr/bin/dd bs=4096 count=1'

## ----------------- ##
## Output variables. ##
## ----------------- ##

ACLOCAL='${SHELL} /home/dbarbera/Installation_Tests/articulate-pocketsphinx/xyzpocketsphinx/missing aclocal-1.16'
AMDEPBACKSLASH='\'
AMDEP_FALSE='#'
AMDEP_TRUE=''
AMTAR='$${TAR-tar}'
AM_BACKSLASH='\'
AM_DEFAULT_V='$(AM_DEFAULT_VERBOSITY)'
AM_DEFAULT_VERBOSITY='1'
AM_V='$(V)'
AR='ar'
AUTOCONF='${SHELL} /home/dbarbera/Installation_Tests/articulate-pocketsphinx/xyzpocketsphinx/missing autoconf'
AUTOHEADER='${SHELL} /home/dbarbera/Installation_Tests/articulate-pocketsphinx/xyzpocketsphinx/missing autoheader'
AUTOMAKE='${SHELL} /home/dbarbera/Installation_Tests/articulate-pocketsphinx/xyzpocketsphinx/missing automake-1.16'
AWK='gawk'
BUILD_DOXYGEN_FALSE=''
BUILD_DOXYGEN_TRUE='#'
BUILD_GST_FALSE=''
BUILD_GST_TRUE='#'
BUILD_SWIG_FALSE='#'
BUILD_SWIG_TRUE=''
CC='gcc'
CCDEPMODE='depmode=gcc3'
CFLAGS='-g -O2 -Wall'
CPP='gcc -E'
CPPFLAGS=' -I/home/dbarbera/Installation_Tests/articulate-pocketsphinx/xyzpocketsphinx/../xyzsphinxbase/include -I/home/dbarbera/Installation_Tests/articulate-pocketsphinx/xyzpocketsphinx/../xyzsphinxbase/include/xyzsphinxbase'
CYGPATH_W='echo'
DEFS='-DHAVE_CONFIG_H'
DEPDIR='.deps'
DLLTOOL='false'
DSYMUTIL=''
DUMPBIN=''
ECHO_C=''
ECHO_N='-n'
ECHO_T=''
EGREP='/usr/bin/grep -E'
EXEEXT=''
FGREP='/usr/bin/grep -F'
GREP='/usr/bin/grep'
GST_CFLAGS=' '
GST_LIBS=''
GST_MAJORMINOR='1.0'
GST_PLUGIN_LDFLAGS='-module -avoid-version -export-symbols-regex _*\(gst_\|Gst\|GST_\).*'
GStreamer_CFLAGS=''
GStreamer_LIBS=''
HAVE_DOXYGEN='no'
INSTALL_DATA='${INSTALL} -m 644'
INSTALL_PROGRAM='${INSTALL}'
INSTALL_SCRIPT='${INSTALL}'
INSTALL_STRIP_PROGRAM='$(install_sh) -c -s'
LD='/usr/bin/ld -m elf_x86_64'
LDFLAGS=' -L/home/dbarbera/Installation_Tests/articulate-pocketsphinx/xyzpocketsphinx/../xyzsphinxbase/lib -L/home/dbarbera/Installation_Tests/articulate-pocketsphinx/xyzpocketsphinx/../xyzsphinxbase/src/libsphinxad -L/home/dbarbera/Installation_Tests/articulate-pocketsphinx/xyzpocketsphinx/../xyzsphinxbase/src/libsphinxbase'
LIBOBJS=''
LIBS=' -lxyzsphinxbase'
LIBTOOL='$(SHELL) $(top_builddir)/libtool'
LIPO=''
LN_S='ln -s'
LTLIBOBJS=''
LT_SYS_LIBRARY_PATH=''
MAKEINFO='${SHELL} /home/dbarbera/Installation_Tests/articulate-pocketsphinx/xyzpocketsphinx/missing makeinfo'
MANIFEST_TOOL=':'
MKDIR_P='/usr/bin/mkdir -p'
NM='/usr/bin/nm -B'
NMEDIT=''
OBJDUMP='objdump'
OBJEXT='o'
OTOOL64=''
OTOOL=''
PACKAGE='xyzpocketsphinx'
PACKAGE_BUGREPORT=''
PACKAGE_NAME='xyzpocketsphinx'
PACKAGE_STRING='xyzpocketsphinx 5prealpha'
PACKAGE_TARNAME='xyzpocketsphinx'
PACKAGE_URL=''
PACKAGE_VERSION='5prealpha'
PATH_SEPARATOR=':'
PKG_CONFIG='/usr/bin/pkg-config'
PYTHON='/home/dbarbera/miniconda3/bin/python'
PYTHON_CPPFLAGS='-I/home/dbarbera/miniconda3/include/python3.9'
PYTHON_EXEC_PREFIX='${exec_prefix}'
PYTHON_EXTRA_LDFLAGS='-Xlinker -export-dynamic'
PYTHON_EXTRA_LIBS='-lcrypt -lpthread -ldl  -lutil -lm -lm'
PYTHON_LDFLAGS='-L/home/dbarbera/miniconda3/lib -lpython3.9'
PYTHON_PLATFORM='linux'
PYTHON_PREFIX='${prefix}'
PYTHON_SITE_PKG='/home/dbarbera/miniconda3/lib/python3.9/site-packages'
PYTHON_VERSION='3.9'
RANLIB='ranlib'
SED='/usr/bin/sed'
SET_MAKE=''
SHELL='/bin/bash'
SPHINXBASE_SWIG='/home/dbarbera/Installation_Tests/articulate-pocketsphinx/xyzpocketsphinx/../xyzsphinxbase/swig'
STRIP='strip'
SWIG='/usr/bin/swig'
SWIG_LIB='/usr/share/swig4.0'
VERSION='5prealpha'
XYZSPHINXBASE_CFLAGS=''
XYZSPHINXBASE_LIBS=''
ac_ct_AR='ar'
ac_ct_CC='gcc'
ac_ct_DUMPBIN=''
am__EXEEXT_FALSE=''
am__EXEEXT_TRUE='#'
am__fastdepCC_FALSE='#'
am__fastdepCC_TRUE=''
am__include='include'
am__isrc=''
am__leading_dot='.'
am__nodep='_no'
am__quote=''
am__tar='$${TAR-tar} chof - "$$tardir"'
am__untar='$${TAR-tar} xf -'
bindir='${exec_prefix}/bin'
build='x86_64-pc-linux-gnu'
build_alias=''
build_cpu='x86_64'
build_os='linux-gnu'
build_vendor='pc'
datadir='${datarootdir}'
datarootdir='${prefix}/share'
docdir='${datarootdir}/doc/${PACKAGE_TARNAME}'
dvidir='${docdir}'
exec_prefix='${prefix}'
host='x86_64-pc-linux-gnu'
host_alias=''
host_cpu='x86_64'
host_os='linux-gnu'
host_vendor='pc'
htmldir='${docdir}'
includedir='${prefix}/include'
infodir='${datarootdir}/info'
install_sh='${SHELL} /home/dbarbera/Installation_Tests/articulate-pocketsphinx/xyzpocketsphinx/install-sh'
libdir='${exec_prefix}/lib'
libexecdir='${exec_prefix}/libexec'
localedir='${datarootdir}/locale'
localstatedir='${prefix}/var'
mandir='${datarootdir}/man'
mkdir_p='$(MKDIR_P)'
oldincludedir='/usr/include'
pdfdir='${docdir}'
pkgpyexecdir='${pyexecdir}/xyzpocketsphinx'
pkgpythondir='${pythondir}/xyzpocketsphinx'
plugindir='$(libdir)/gstreamer-1.0'
prefix='/usr/local'
program_transform_name='s,x,x,'
psdir='${docdir}'
pyexecdir='${exec_prefix}/lib/python3.9/site-packages'
pythondir='${prefix}/lib/python3.9/site-packages'
runstatedir='${localstatedir}/run'
sbindir='${exec_prefix}/sbin'
sharedstatedir='${prefix}/com'
sysconfdir='${prefix}/etc'
target_alias=''

## ----------- ##
## confdefs.h. ##
## ----------- ##

/* confdefs.h */
#define PACKAGE_NAME "xyzpocketsphinx"
#define PACKAGE_TARNAME "xyzpocketsphinx"
#define PACKAGE_VERSION "5prealpha"
#define PACKAGE_STRING "xyzpocketsphinx 5prealpha"
#define PACKAGE_BUGREPORT ""
#define PACKAGE_URL ""
#define STDC_HEADERS 1
#define HAVE_SYS_TYPES_H 1
#define HAVE_SYS_STAT_H 1
#define HAVE_STDLIB_H 1
#define HAVE_STRING_H 1
#define HAVE_MEMORY_H 1
#define HAVE_STRINGS_H 1
#define HAVE_INTTYPES_H 1
#define HAVE_STDINT_H 1
#define HAVE_UNISTD_H 1
#define HAVE_LONG_LONG 1
#define SIZEOF_LONG_LONG 8
#define HAVE_DLFCN_H 1
#define LT_OBJDIR ".libs/"
#define HAVE_PYTHON "3.9"

configure: exit 0
